{"uid":"baf78413a6f87703","name":"Create job opening and verify it appears in the list -- @1.1 ","fullName":"Create Job Opening: Create job opening and verify it appears in the list","historyId":"0653dd052b747d6d8f4c3b5483c72773","time":{"start":1765903408580,"stop":1765903455678,"duration":47098},"status":"broken","statusMessage":"Exception: Failed to click 3-dot menu for interview 'Python Developer - 20251216_164332': Locator.wait_for: Timeout 5000ms exceeded.\nCall log:\n  - waiting for locator(\"tr:has-text('Python Developer - 20251216_164332')\").first to be visible\n\n","statusTrace":"  File \"/opt/hostedtoolcache/Python/3.10.19/x64/lib/python3.10/site-packages/behave/model.py\", line 1991, in run\n    match.run(runner.context)\n  File \"/opt/hostedtoolcache/Python/3.10.19/x64/lib/python3.10/site-packages/behave/matchers.py\", line 105, in run\n    self.func(context, *args, **kwargs)\n  File \"features/steps/create_job_opening_steps.py\", line 592, in step_click_three_dot_menu_for_interview\n    view_interviews_page.click_three_dot_menu_for_interview(identifier)\n  File \"/home/runner/work/talent-talks-automation/talent-talks-automation/pages/view_interviews_page.py\", line 145, in click_three_dot_menu_for_interview\n    raise Exception(f\"Failed to click 3-dot menu for interview '{identifier}': {str(e)}\")\n","flaky":false,"newFailed":false,"newBroken":false,"newPassed":false,"retriesCount":0,"retriesStatusChange":false,"beforeStages":[],"testStage":{"status":"broken","statusMessage":"Exception: Failed to click 3-dot menu for interview 'Python Developer - 20251216_164332': Locator.wait_for: Timeout 5000ms exceeded.\nCall log:\n  - waiting for locator(\"tr:has-text('Python Developer - 20251216_164332')\").first to be visible\n\n","statusTrace":"  File \"/opt/hostedtoolcache/Python/3.10.19/x64/lib/python3.10/site-packages/behave/model.py\", line 1991, in run\n    match.run(runner.context)\n  File \"/opt/hostedtoolcache/Python/3.10.19/x64/lib/python3.10/site-packages/behave/matchers.py\", line 105, in run\n    self.func(context, *args, **kwargs)\n  File \"features/steps/create_job_opening_steps.py\", line 592, in step_click_three_dot_menu_for_interview\n    view_interviews_page.click_three_dot_menu_for_interview(identifier)\n  File \"/home/runner/work/talent-talks-automation/talent-talks-automation/pages/view_interviews_page.py\", line 145, in click_three_dot_menu_for_interview\n    raise Exception(f\"Failed to click 3-dot menu for interview '{identifier}': {str(e)}\")\n","steps":[{"name":"Given I am logged in as a valid user","time":{"start":1765903409092,"stop":1765903412128,"duration":3036},"status":"passed","steps":[],"attachments":[],"parameters":[],"shouldDisplayMessage":false,"stepsCount":0,"attachmentsCount":0,"hasContent":false,"attachmentStep":false},{"name":"And I navigate to the Create Job Opening page","time":{"start":1765903412129,"stop":1765903412283,"duration":154},"status":"passed","steps":[],"attachments":[],"parameters":[],"shouldDisplayMessage":false,"stepsCount":0,"attachmentsCount":0,"hasContent":false,"attachmentStep":false},{"name":"When I load job opening data for \"python_developer\"","time":{"start":1765903412283,"stop":1765903412283,"duration":0},"status":"passed","steps":[],"attachments":[],"parameters":[],"shouldDisplayMessage":false,"stepsCount":0,"attachmentsCount":0,"hasContent":false,"attachmentStep":false},{"name":"And I fill in \"Job Opening Name\" with value from scenario \"job_name\"","time":{"start":1765903412283,"stop":1765903412309,"duration":26},"status":"passed","steps":[],"attachments":[],"parameters":[],"shouldDisplayMessage":false,"stepsCount":0,"attachmentsCount":0,"hasContent":false,"attachmentStep":false},{"name":"And I fill in \"Enter or paste job description\" with value from scenario \"job_description\"","time":{"start":1765903412309,"stop":1765903412360,"duration":51},"status":"passed","steps":[],"attachments":[],"parameters":[],"shouldDisplayMessage":false,"stepsCount":0,"attachmentsCount":0,"hasContent":false,"attachmentStep":false},{"name":"And I set \"Interview Duration (minutes)\" to 30","time":{"start":1765903412360,"stop":1765903412387,"duration":27},"status":"passed","steps":[],"attachments":[],"parameters":[],"shouldDisplayMessage":false,"stepsCount":0,"attachmentsCount":0,"hasContent":false,"attachmentStep":false},{"name":"And I check the \"Enable Resume Evaluation\" checkbox","time":{"start":1765903412387,"stop":1765903412444,"duration":57},"status":"passed","steps":[],"attachments":[],"parameters":[],"shouldDisplayMessage":false,"stepsCount":0,"attachmentsCount":0,"hasContent":false,"attachmentStep":false},{"name":"And I set \"Resume Evaluation Percentage\" to 100","time":{"start":1765903412444,"stop":1765903412472,"duration":28},"status":"passed","steps":[],"attachments":[],"parameters":[],"shouldDisplayMessage":false,"stepsCount":0,"attachmentsCount":0,"hasContent":false,"attachmentStep":false},{"name":"And I click the \"Create Job Opening\" button","time":{"start":1765903412472,"stop":1765903412549,"duration":77},"status":"passed","steps":[],"attachments":[],"parameters":[],"shouldDisplayMessage":false,"stepsCount":0,"attachmentsCount":0,"hasContent":false,"attachmentStep":false},{"name":"And I wait for 2 seconds","time":{"start":1765903412549,"stop":1765903414552,"duration":2003},"status":"passed","steps":[],"attachments":[],"parameters":[],"shouldDisplayMessage":false,"stepsCount":0,"attachmentsCount":0,"hasContent":false,"attachmentStep":false},{"name":"When I navigate to View Job Openings page","time":{"start":1765903414552,"stop":1765903421236,"duration":6684},"status":"passed","steps":[],"attachments":[],"parameters":[],"shouldDisplayMessage":false,"stepsCount":0,"attachmentsCount":0,"hasContent":false,"attachmentStep":false},{"name":"Then I should see the item stored as \"created_job_name\" in the list","time":{"start":1765903421236,"stop":1765903421240,"duration":4},"status":"passed","steps":[],"attachments":[],"parameters":[],"shouldDisplayMessage":false,"stepsCount":0,"attachmentsCount":0,"hasContent":false,"attachmentStep":false},{"name":"And the item stored as \"created_job_name\" should have status \"Active\"","time":{"start":1765903421240,"stop":1765903421246,"duration":6},"status":"passed","steps":[],"attachments":[],"parameters":[],"shouldDisplayMessage":false,"stepsCount":0,"attachmentsCount":0,"hasContent":false,"attachmentStep":false},{"name":"When I load candidate data for \"python_developer\"","time":{"start":1765903421246,"stop":1765903421247,"duration":1},"status":"passed","steps":[],"attachments":[],"parameters":[],"shouldDisplayMessage":false,"stepsCount":0,"attachmentsCount":0,"hasContent":false,"attachmentStep":false},{"name":"And I navigate to \"/interviews/new\" page","time":{"start":1765903421247,"stop":1765903421302,"duration":55},"status":"passed","steps":[],"attachments":[],"parameters":[],"shouldDisplayMessage":false,"stepsCount":0,"attachmentsCount":0,"hasContent":false,"attachmentStep":false},{"name":"And I select from \"Select Job Opening\" the value stored as \"created_job_name\"","time":{"start":1765903421302,"stop":1765903422375,"duration":1073},"status":"passed","steps":[],"attachments":[],"parameters":[],"shouldDisplayMessage":false,"stepsCount":0,"attachmentsCount":0,"hasContent":false,"attachmentStep":false},{"name":"And I fill in \"Candidate Name\" with value from scenario \"candidate_name\"","time":{"start":1765903422375,"stop":1765903422479,"duration":104},"status":"passed","steps":[],"attachments":[],"parameters":[],"shouldDisplayMessage":false,"stepsCount":0,"attachmentsCount":0,"hasContent":false,"attachmentStep":false},{"name":"And I fill in \"Candidate Email\" with value from scenario \"candidate_email\"","time":{"start":1765903422479,"stop":1765903422554,"duration":75},"status":"passed","steps":[],"attachments":[],"parameters":[],"shouldDisplayMessage":false,"stepsCount":0,"attachmentsCount":0,"hasContent":false,"attachmentStep":false},{"name":"And I fill in \"Interview Date\" with tomorrow's date","time":{"start":1765903422555,"stop":1765903422640,"duration":85},"status":"passed","steps":[],"attachments":[],"parameters":[],"shouldDisplayMessage":false,"stepsCount":0,"attachmentsCount":0,"hasContent":false,"attachmentStep":false},{"name":"And I fill in \"Interview Time\" with \"10:00\"","time":{"start":1765903422640,"stop":1765903422701,"duration":61},"status":"passed","steps":[],"attachments":[],"parameters":[],"shouldDisplayMessage":false,"stepsCount":0,"attachmentsCount":0,"hasContent":false,"attachmentStep":false},{"name":"And I upload the file from \"cv_file\" to \"Select CV File\"","time":{"start":1765903422702,"stop":1765903423256,"duration":554},"status":"passed","steps":[],"attachments":[],"parameters":[],"shouldDisplayMessage":false,"stepsCount":0,"attachmentsCount":0,"hasContent":false,"attachmentStep":false},{"name":"And I upload the file from \"photo_file\" to \"Select Image\"","time":{"start":1765903423256,"stop":1765903423780,"duration":524},"status":"passed","steps":[],"attachments":[],"parameters":[],"shouldDisplayMessage":false,"stepsCount":0,"attachmentsCount":0,"hasContent":false,"attachmentStep":false},{"name":"And I click the \"Schedule Interview\" button","time":{"start":1765903423781,"stop":1765903423839,"duration":58},"status":"passed","steps":[],"attachments":[],"parameters":[],"shouldDisplayMessage":false,"stepsCount":0,"attachmentsCount":0,"hasContent":false,"attachmentStep":false},{"name":"Then the interview should be scheduled successfully","time":{"start":1765903423840,"stop":1765903433947,"duration":10107},"status":"passed","steps":[],"attachments":[{"uid":"b015fc2a92dbd2bc","name":"After Schedule Success","source":"b015fc2a92dbd2bc.png","type":"image/png","size":223468}],"parameters":[],"shouldDisplayMessage":false,"stepsCount":0,"attachmentsCount":1,"hasContent":true,"attachmentStep":false},{"name":"When I wait for 3 seconds","time":{"start":1765903433948,"stop":1765903436949,"duration":3001},"status":"passed","steps":[],"attachments":[],"parameters":[],"shouldDisplayMessage":false,"stepsCount":0,"attachmentsCount":0,"hasContent":false,"attachmentStep":false},{"name":"When I navigate to View Interviews page","time":{"start":1765903436949,"stop":1765903441383,"duration":4434},"status":"passed","steps":[],"attachments":[],"parameters":[],"shouldDisplayMessage":false,"stepsCount":0,"attachmentsCount":0,"hasContent":false,"attachmentStep":false},{"name":"Then I should see the recently created interview","time":{"start":1765903441383,"stop":1765903444558,"duration":3175},"status":"passed","steps":[],"attachments":[{"uid":"10f314ac2c720841","name":"Interview List","source":"10f314ac2c720841.png","type":"image/png","size":105763}],"parameters":[],"shouldDisplayMessage":false,"stepsCount":0,"attachmentsCount":1,"hasContent":true,"attachmentStep":false},{"name":"When I navigate to View Interviews page","time":{"start":1765903444558,"stop":1765903448607,"duration":4049},"status":"passed","steps":[],"attachments":[],"parameters":[],"shouldDisplayMessage":false,"stepsCount":0,"attachmentsCount":0,"hasContent":false,"attachmentStep":false},{"name":"And I click the 3-dot menu for the recently created interview","time":{"start":1765903448608,"stop":1765903455640,"duration":7032},"status":"broken","statusMessage":"Exception: Failed to click 3-dot menu for interview 'Python Developer - 20251216_164332': Locator.wait_for: Timeout 5000ms exceeded.\nCall log:\n  - waiting for locator(\"tr:has-text('Python Developer - 20251216_164332')\").first to be visible\n\n","statusTrace":"  File \"/opt/hostedtoolcache/Python/3.10.19/x64/lib/python3.10/site-packages/behave/model.py\", line 1991, in run\n    match.run(runner.context)\n  File \"/opt/hostedtoolcache/Python/3.10.19/x64/lib/python3.10/site-packages/behave/matchers.py\", line 105, in run\n    self.func(context, *args, **kwargs)\n  File \"features/steps/create_job_opening_steps.py\", line 592, in step_click_three_dot_menu_for_interview\n    view_interviews_page.click_three_dot_menu_for_interview(identifier)\n  File \"/home/runner/work/talent-talks-automation/talent-talks-automation/pages/view_interviews_page.py\", line 145, in click_three_dot_menu_for_interview\n    raise Exception(f\"Failed to click 3-dot menu for interview '{identifier}': {str(e)}\")\n","steps":[],"attachments":[],"parameters":[],"shouldDisplayMessage":true,"stepsCount":0,"attachmentsCount":0,"hasContent":true,"attachmentStep":false},{"name":"And I click the \"Delete\" option from the menu","time":{"start":1765903455678,"stop":1765903455678,"duration":0},"status":"skipped","steps":[],"attachments":[],"parameters":[],"shouldDisplayMessage":false,"stepsCount":0,"attachmentsCount":0,"hasContent":false,"attachmentStep":false},{"name":"Then the interview should be deleted successfully","time":{"start":1765903455678,"stop":1765903455678,"duration":0},"status":"skipped","steps":[],"attachments":[],"parameters":[],"shouldDisplayMessage":false,"stepsCount":0,"attachmentsCount":0,"hasContent":false,"attachmentStep":false},{"name":"And I should not see the recently created interview","time":{"start":1765903455678,"stop":1765903455678,"duration":0},"status":"skipped","steps":[],"attachments":[],"parameters":[],"shouldDisplayMessage":false,"stepsCount":0,"attachmentsCount":0,"hasContent":false,"attachmentStep":false}],"attachments":[],"parameters":[],"shouldDisplayMessage":false,"stepsCount":32,"attachmentsCount":2,"hasContent":true,"attachmentStep":false},"afterStages":[],"labels":[{"name":"severity","value":"normal"},{"name":"tag","value":"e2e"},{"name":"tag","value":"job"},{"name":"tag","value":"smoke"},{"name":"tag","value":"ui"},{"name":"feature","value":"Create Job Opening"},{"name":"framework","value":"behave"},{"name":"language","value":"cpython3"},{"name":"resultFormat","value":"allure2"}],"parameters":[{"name":"job_name","value":"Python Developer"},{"name":"scenario","value":"python_developer"}],"links":[],"hidden":false,"retry":false,"extra":{"severity":"normal","retries":[],"categories":[{"name":"Test defects","matchedStatuses":[],"flaky":false}],"history":{"statistic":{"failed":0,"broken":4,"skipped":0,"passed":0,"unknown":0,"total":4},"items":[{"uid":"4552d245edd2d555","status":"broken","statusDetails":"Exception: Failed to click 3-dot menu for interview 'Python Developer - 20251216_163706': Locator.wait_for: InvalidSelectorError: Error while parsing selector `row:has-text('Python Developer - 20251216_163706')` - unexpected symbol \":\" at position 3\n    at syntaxError (<anonymous>:1693:11)\n    at parseAttributeSelector (<anonymous>:1842:5)\n    at Object.queryAll (<anonymous>:4942:22)\n    at InjectedScript._queryEngineAll (<anonymous>:6789:49)\n    at InjectedScript.querySelectorAll (<anonymous>:6776:30)\n    at eval (eval at evaluate (:290:30), <anonymous>:4:35)\n    at UtilityScript.evaluate (<anonymous>:292:16)\n    at UtilityScript.<anonymous> (<anonymous>:1:44)\nCall log:\n  - waiting for locator(\"role=row:has-text('Python Developer - 20251216_163706')\").first to be visible\n\n","time":{"start":1765903022598,"stop":1765903065850,"duration":43252}},{"uid":"3c09ee360ea084c","status":"broken","statusDetails":"Exception: Failed to click 3-dot menu for interview 'Python Developer - 20251216_150604': Locator.is_visible: InvalidSelectorError: Error while parsing selector `row:has-text('Python Developer - 20251216_150604')` - unexpected symbol \":\" at position 3\n    at syntaxError (<anonymous>:1693:11)\n    at parseAttributeSelector (<anonymous>:1842:5)\n    at Object.queryAll (<anonymous>:4942:22)\n    at InjectedScript._queryEngineAll (<anonymous>:6789:49)\n    at InjectedScript.querySelectorAll (<anonymous>:6776:30)\n    at InjectedScript.querySelector (<anonymous>:6689:25)\n    at eval (eval at evaluate (:290:30), <anonymous>:2:34)\n    at UtilityScript.evaluate (<anonymous>:292:16)\n    at UtilityScript.<anonymous> (<anonymous>:1:44)\nCall log:\n    - checking visibility of locator(\"role=row:has-text('Python Developer - 20251216_150604')\").first\n\n","time":{"start":1765897560411,"stop":1765897602860,"duration":42449}},{"uid":"d8fdd71d13331a97","status":"broken","statusDetails":"Exception: Failed to click 3-dot menu for interview 'Python Developer - 20251216_150102': Locator.is_visible: InvalidSelectorError: Error while parsing selector `row:has-text('Python Developer - 20251216_150102')` - unexpected symbol \":\" at position 3\n    at syntaxError (<anonymous>:1693:11)\n    at parseAttributeSelector (<anonymous>:1842:5)\n    at Object.queryAll (<anonymous>:4942:22)\n    at InjectedScript._queryEngineAll (<anonymous>:6789:49)\n    at InjectedScript.querySelectorAll (<anonymous>:6776:30)\n    at InjectedScript.querySelector (<anonymous>:6689:25)\n    at eval (eval at evaluate (:290:30), <anonymous>:2:34)\n    at UtilityScript.evaluate (<anonymous>:292:16)\n    at UtilityScript.<anonymous> (<anonymous>:1:44)\nCall log:\n    - checking visibility of locator(\"role=row:has-text('Python Developer - 20251216_150102')\").first\n\n","time":{"start":1765897258975,"stop":1765897302393,"duration":43418}}]},"tags":["ui","smoke","e2e","job"]},"source":"baf78413a6f87703.json","parameterValues":["Python Developer","python_developer"]}